# JRE version: OpenJDK Runtime Environment (8.0_152-b01) (build 1.8.0_152-release-1024-b01)
# Java VM: OpenJDK 64-Bit Server VM (25.152-b01 mixed mode linux-amd64 compressed oops)
Heap:
 PSYoungGen      total 452608K, used 19678K [0x00000000e0000000, 0x00000000ff000000, 0x0000000100000000)
  eden space 432640K, 0% used [0x00000000e0000000,0x00000000e0000000,0x00000000fa680000)
  from space 19968K, 98% used [0x00000000fdc80000,0x00000000fefb7b70,0x00000000ff000000)
  to   space 35328K, 0% used [0x00000000fab00000,0x00000000fab00000,0x00000000fcd80000)
 ParOldGen       total 167424K, used 51959K [0x00000000a0000000, 0x00000000aa380000, 0x00000000e0000000)
  object space 167424K, 31% used [0x00000000a0000000,0x00000000a32bdfb0,0x00000000aa380000)
 Metaspace       used 92647K, capacity 98304K, committed 98348K, reserved 1134592K
  class space    used 11872K, capacity 13013K, committed 13056K, reserved 1048576K
GC Heap History (10 events):
Event: 2872.155 GC heap after
Heap after GC invocations=17 (full 3):
 PSYoungGen      total 451072K, used 20536K [0x00000000e0000000, 0x00000000fd800000, 0x0000000100000000)
  eden space 421888K, 0% used [0x00000000e0000000,0x00000000e0000000,0x00000000f9c00000)
  from space 29184K, 70% used [0x00000000fb900000,0x00000000fcd0e138,0x00000000fd580000)
  to   space 29696K, 0% used [0x00000000f9c00000,0x00000000f9c00000,0x00000000fb900000)
 ParOldGen       total 167424K, used 47149K [0x00000000a0000000, 0x00000000aa380000, 0x00000000e0000000)
  object space 167424K, 28% used [0x00000000a0000000,0x00000000a2e0b6e0,0x00000000aa380000)
 Metaspace       used 78493K, capacity 82180K, committed 82432K, reserved 1120256K
  class space    used 10101K, capacity 10913K, committed 11008K, reserved 1048576K
}
Event: 2878.013 GC heap before
{Heap before GC invocations=18 (full 3):
 PSYoungGen      total 451072K, used 442424K [0x00000000e0000000, 0x00000000fd800000, 0x0000000100000000)
  eden space 421888K, 100% used [0x00000000e0000000,0x00000000f9c00000,0x00000000f9c00000)
  from space 29184K, 70% used [0x00000000fb900000,0x00000000fcd0e138,0x00000000fd580000)
  to   space 29696K, 0% used [0x00000000f9c00000,0x00000000f9c00000,0x00000000fb900000)
 ParOldGen       total 167424K, used 47149K [0x00000000a0000000, 0x00000000aa380000, 0x00000000e0000000)
  object space 167424K, 28% used [0x00000000a0000000,0x00000000a2e0b6e0,0x00000000aa380000)
 Metaspace       used 86805K, capacity 91116K, committed 91264K, reserved 1128448K
  class space    used 11139K, capacity 12037K, committed 12160K, reserved 1048576K
Event: 2878.067 GC heap after
Heap after GC invocations=18 (full 3):
 PSYoungGen      total 451584K, used 29670K [0x00000000e0000000, 0x0000000100000000, 0x0000000100000000)
  eden space 421888K, 0% used [0x00000000e0000000,0x00000000e0000000,0x00000000f9c00000)
  from space 29696K, 99% used [0x00000000f9c00000,0x00000000fb8f9838,0x00000000fb900000)
  to   space 35840K, 0% used [0x00000000fdd00000,0x00000000fdd00000,0x0000000100000000)
 ParOldGen       total 167424K, used 51927K [0x00000000a0000000, 0x00000000aa380000, 0x00000000e0000000)
  object space 167424K, 31% used [0x00000000a0000000,0x00000000a32b5fb0,0x00000000aa380000)
 Metaspace       used 86805K, capacity 91116K, committed 91264K, reserved 1128448K
  class space    used 11139K, capacity 12037K, committed 12160K, reserved 1048576K
}
Event: 2881.800 GC heap before
{Heap before GC invocations=19 (full 3):
 PSYoungGen      total 451584K, used 451365K [0x00000000e0000000, 0x0000000100000000, 0x0000000100000000)
  eden space 421888K, 99% used [0x00000000e0000000,0x00000000f9bcfde8,0x00000000f9c00000)
  from space 29696K, 99% used [0x00000000f9c00000,0x00000000fb8f9838,0x00000000fb900000)
  to   space 35840K, 0% used [0x00000000fdd00000,0x00000000fdd00000,0x0000000100000000)
 ParOldGen       total 167424K, used 51927K [0x00000000a0000000, 0x00000000aa380000, 0x00000000e0000000)
  object space 167424K, 31% used [0x00000000a0000000,0x00000000a32b5fb0,0x00000000aa380000)
 Metaspace       used 88195K, capacity 92642K, committed 92928K, reserved 1130496K
  class space    used 11270K, capacity 12206K, committed 12288K, reserved 1048576K
Event: 2881.845 GC heap after
Heap after GC invocations=19 (full 3):
 PSYoungGen      total 486400K, used 24734K [0x00000000e0000000, 0x0000000100000000, 0x0000000100000000)
  eden space 450560K, 0% used [0x00000000e0000000,0x00000000e0000000,0x00000000fb800000)
  from space 35840K, 69% used [0x00000000fdd00000,0x00000000ff527af0,0x0000000100000000)
  to   space 36864K, 0% used [0x00000000fb800000,0x00000000fb800000,0x00000000fdc00000)
 ParOldGen       total 167424K, used 51935K [0x00000000a0000000, 0x00000000aa380000, 0x00000000e0000000)
  object space 167424K, 31% used [0x00000000a0000000,0x00000000a32b7fb0,0x00000000aa380000)
 Metaspace       used 88195K, capacity 92642K, committed 92928K, reserved 1130496K
  class space    used 11270K, capacity 12206K, committed 12288K, reserved 1048576K
}
Event: 4995.550 GC heap before
{Heap before GC invocations=20 (full 3):
 PSYoungGen      total 486400K, used 475294K [0x00000000e0000000, 0x0000000100000000, 0x0000000100000000)
  eden space 450560K, 100% used [0x00000000e0000000,0x00000000fb800000,0x00000000fb800000)
  from space 35840K, 69% used [0x00000000fdd00000,0x00000000ff527af0,0x0000000100000000)
  to   space 36864K, 0% used [0x00000000fb800000,0x00000000fb800000,0x00000000fdc00000)
 ParOldGen       total 167424K, used 51935K [0x00000000a0000000, 0x00000000aa380000, 0x00000000e0000000)
  object space 167424K, 31% used [0x00000000a0000000,0x00000000a32b7fb0,0x00000000aa380000)
 Metaspace       used 90277K, capacity 95352K, committed 95488K, reserved 1132544K
  class space    used 11526K, capacity 12523K, committed 12544K, reserved 1048576K
Event: 4995.579 GC heap after
Heap after GC invocations=20 (full 3):
 PSYoungGen      total 487424K, used 21674K [0x00000000e0000000, 0x0000000100000000, 0x0000000100000000)
  eden space 450560K, 0% used [0x00000000e0000000,0x00000000e0000000,0x00000000fb800000)
  from space 36864K, 58% used [0x00000000fb800000,0x00000000fcd2a838,0x00000000fdc00000)
  to   space 36352K, 0% used [0x00000000fdc80000,0x00000000fdc80000,0x0000000100000000)
 ParOldGen       total 167424K, used 51951K [0x00000000a0000000, 0x00000000aa380000, 0x00000000e0000000)
  object space 167424K, 31% used [0x00000000a0000000,0x00000000a32bbfb0,0x00000000aa380000)
 Metaspace       used 90277K, capacity 95352K, committed 95488K, reserved 1132544K
  class space    used 11526K, capacity 12523K, committed 12544K, reserved 1048576K
}
Event: 9167.960 GC heap before
{Heap before GC invocations=21 (full 3):
 PSYoungGen      total 487424K, used 251880K [0x00000000e0000000, 0x0000000100000000, 0x0000000100000000)
  eden space 450560K, 51% used [0x00000000e0000000,0x00000000ee0cfa28,0x00000000fb800000)
  from space 36864K, 58% used [0x00000000fb800000,0x00000000fcd2a838,0x00000000fdc00000)
  to   space 36352K, 0% used [0x00000000fdc80000,0x00000000fdc80000,0x0000000100000000)
 ParOldGen       total 167424K, used 51951K [0x00000000a0000000, 0x00000000aa380000, 0x00000000e0000000)
  object space 167424K, 31% used [0x00000000a0000000,0x00000000a32bbfb0,0x00000000aa380000)
 Metaspace       used 92647K, capacity 98304K, committed 98348K, reserved 1134592K
  class space    used 11872K, capacity 13013K, committed 13056K, reserved 1048576K
Event: 9168.030 GC heap after
Heap after GC invocations=21 (full 3):
 PSYoungGen      total 452608K, used 19678K [0x00000000e0000000, 0x00000000ff000000, 0x0000000100000000)
  eden space 432640K, 0% used [0x00000000e0000000,0x00000000e0000000,0x00000000fa680000)
  from space 19968K, 98% used [0x00000000fdc80000,0x00000000fefb7b70,0x00000000ff000000)
  to   space 35328K, 0% used [0x00000000fab00000,0x00000000fab00000,0x00000000fcd80000)
 ParOldGen       total 167424K, used 51959K [0x00000000a0000000, 0x00000000aa380000, 0x00000000e0000000)
  object space 167424K, 31% used [0x00000000a0000000,0x00000000a32bdfb0,0x00000000aa380000)
 Metaspace       used 92647K, capacity 98304K, committed 98348K, reserved 1134592K
  class space    used 11872K, capacity 13013K, committed 13056K, reserved 1048576K
}
Event: 9168.030 GC heap before
{Heap before GC invocations=22 (full 4):
 PSYoungGen      total 452608K, used 19678K [0x00000000e0000000, 0x00000000ff000000, 0x0000000100000000)
  eden space 432640K, 0% used [0x00000000e0000000,0x00000000e0000000,0x00000000fa680000)
  from space 19968K, 98% used [0x00000000fdc80000,0x00000000fefb7b70,0x00000000ff000000)
  to   space 35328K, 0% used [0x00000000fab00000,0x00000000fab00000,0x00000000fcd80000)
 ParOldGen       total 167424K, used 51959K [0x00000000a0000000, 0x00000000aa380000, 0x00000000e0000000)
  object space 167424K, 31% used [0x00000000a0000000,0x00000000a32bdfb0,0x00000000aa380000)
 Metaspace       used 92647K, capacity 98304K, committed 98348K, reserved 1134592K
  class space    used 11872K, capacity 13013K, committed 13056K, reserved 1048576K

